Ires1 (Init): 49,50,59,61,68,69,70,74,76,77,89,91,92,93,95,96,97,98,99,100,101,102,103,104,105,107,109,117,119,120,122,123,124,125,126,127,128,129,134,136,137,140,141,142,145,149,150,152,153,154,155,156,157,158,160,162,163,164,165,166,168,169,172,174,175,177,191,256,257,258,259,260,261,262,263,266,271,272,274,275,276,279,280,281,282,283,284,285,286,289,293,299,300,301,302,303,305,306,307,308,309,310,311,312,313,314,315,316,317,319,320,321,322,323,324,325,326,327,328,329,330,331,332,333,334,335,336,337,338,339,340,341,342,343,344,345,346,347,348,350,351,354,355,357,358
Ires2 (Init): 229,274,278,304,306,320,322,325,343,346,366,380,432,437,438,472,474,478,484,485,504,533,562,570,617,622,623,624,625,626,627,628,629,630,631,632,633,634,635,636,638,640,644,646,648,649,650,651,652,654,655,659,662,663,664,670,671,673,674,675,676,677,678,679,684,688,692,698,701,702

Passive1 (ECLAIR Medium): 
Passive2 (ECLAIR Medium): 

Calculating Surface Residues
Sres1_low: 251,252,253,255,256,257,258,259,260,261,263,265,266,267,271,272,274,275,276,279,280,281,282,283,284,285,286,289,290,293,294,296,297,299,300,301,302,303,305,306,307,308,309,310,311,312,313,314,315,316,317,319,320,321,322,323,324,325,326,327,328,329,330,331,332,333,334,335,336,337,338,339,340,341,342,343,344,345,346,347,348,350,351,353,354,355,357,358,361,362,363,364
Sres1_high: 516,517,519,531,532,534,543,544,547,554,555,557,559,561,562,563,189,190,192,194,195,196,199,202,203,205,207,208,211,215,218,222,250,252,254,255,256,257,258,278,281,282,285,286,295,297,298,299,300,303,306,307,317,324,325,326,327,331,332,346,348,351,354,355,358,362,363,364,366,367,380,384,387,388,392,393,396,398,402,403,404,409,412,-187,417,419,420,421,422,425,429,432,433,434,436,437,438,446,447,448,449,453,456,458,461,462,465,469,470,472,474,475,477,478,481,485,486,487,504,505
Sres2_low: 251,252,253,255,256,257,258,259,260,261,263,265,266,267,271,272,274,275,276,279,280,281,282,283,284,285,286,289,290,293,294,296,297,299,300,301,302,303,305,306,307,308,309,310,311,312,313,314,315,316,317,319,320,321,322,323,324,325,326,327,328,329,330,331,332,333,334,335,336,337,338,339,340,341,342,343,344,345,346,347,348,350,351,353,354,355,357,358,361,362,363,364
Sres2_high: 516,517,519,531,532,534,543,544,547,554,555,557,559,561,562,563,189,190,192,194,195,196,199,202,203,205,207,208,211,215,218,222,250,252,254,255,256,257,258,278,281,282,285,286,295,297,298,299,300,303,306,307,317,324,325,326,327,331,332,346,348,351,354,355,358,362,363,364,366,367,380,384,387,388,392,393,396,398,402,403,404,409,412,-187,417,419,420,421,422,425,429,432,433,434,436,437,438,446,447,448,449,453,456,458,461,462,465,469,470,472,474,475,477,478,481,485,486,487,504,505

Ires1 (Filtered): 256,257,258,259,260,261,263,266,271,272,274,275,276,279,280,281,282,283,284,285,286,289,293,299,300,301,302,303,305,306,307,308,309,310,311,312,313,314,315,316,317,319,320,321,322,323,324,325,326,327,328,329,330,331,332,333,334,335,336,337,338,339,340,341,342,343,344,345,346,347,348,350,351,354,355,357,358
Ires2 (Filtered): 229,274,278,304,306,320,325,343,346,366,380,432,437,438,472,474,478,484,485,504,533,562

Passive1 (Filtered): 
Passive2 (Filtered): 

Identifying Passive Residues
Pres1 (Init): 251,252,253,254,255,256,257,258,259,260,261,262,263,264,265,266,267,268,269,270,271,272,273,274,275,276,277,278,279,280,281,282,283,284,285,286,287,288,289,290,291,292,293,294,295,296,297,298,299,300,301,302,303,304,305,306,307,308,309,310,311,312,313,314,315,316,317,318,319,320,321,322,323,324,325,326,327,328,329,330,331,332,333,334,335,336,337,338,339,340,341,342,343,344,345,346,347,348,349,350,351,352,353,354,355,356,357,358,359,360,361,362,363,364
Pres1 (Filtered): 251,252,253,255,265,267,290,294,296,297,353,361,362,363,364
Pres2 (Filtered): 528,529,530,531,532,533,534,535,541,546,549,550,553,560,561,562,563,204,212,227,228,229,230,231,236,238,257,258,259,268,269,270,271,272,273,274,275,276,277,278,279,280,281,282,283,288,289,290,291,292,293,295,298,299,300,301,302,303,304,306,307,308,309,313,315,316,317,318,319,320,321,322,323,324,325,326,327,328,339,340,341,342,343,345,346,348,349,350,351,352,355,356,364,365,366,367,368,373,374,375,376,377,378,379,380,381,382,383,384,385,387,391,392,393,397,398,399,400,401,410,411,413,414,415,416,425,427,428,429,430,431,432,433,434,435,436,437,438,439,440,458,459,460,462,468,469,470,471,472,473,474,475,476,477,478,479,480,481,482,483,484,485,486,487,488,499,501,502,503,504,505,506,507
Pres2 (Filtered): 531,532,534,546,550,561,563,204,257,258,268,270,275,281,282,288,289,291,295,298,299,300,302,303,307,317,321,323,324,326,327,328,348,349,350,351,352,355,364,365,367,378,379,381,383,384,385,387,391,392,393,398,399,401,410,425,429,433,434,435,436,439,458,459,462,469,470,475,477,480,481,486,487,502,505,507

Generating restraint files

Initializing Haddock

0
Running Haddock Docking

0
Finished00:00:14.8217
