Ires1 (Init): 7,10,11,12,13,17,18,19,21,23,24,25,26,27,28,29,37,38,39,40,44,46,48,49,50,52,88,89,96,100,103,104,107,128,147,149,150,152,163,164,165,183,185,204,205,206,208,211,214,215,218,219,224,228,229,233,234,241,242,243,244,264,268,269,270,279,281,283,284,285,286,288,290,291,300,304,307,308,310,312,313,314,315,316,317,319,326,328,332,335,336,339
Ires2 (Init): 15,22,23,27,31,32,34,35,37,38,39,40,41,42,43,44,45,46,47,48,49,50,54,55,56,58,60,62,67,68,69,70,71,72,73,74,75,76,77,79,80,82,92,94,95,109,110,111,123,127,132,133,134,136,137,142,143,145,146,148,149,150,153,157,163,168,171

Passive1 (ECLAIR Medium): 
Passive2 (ECLAIR Medium): 

Calculating Surface Residues
Sres1_low: 1,2,3,7,10,11,12,13,14,15,16,17,18,19,20,21,22,23,24,25,26,27,28,29,32,34,35,36,37,38,39,40,41,42,44,46,47,48,49,50,51,52,58,63,64,73,74,76,78,82,83,88,89,90,91,94,96,97,100,103,104,106,107,109,110,112,113,114,115,117,118,119,125,126,127,128,129,131,132,133,135,136,138,145,146,147,149,150,151,152,153,155,158,162,163,164,165,166,167,168,169,170,171,172,173,175,180,182,183,184,185,186,187,188,189,190,191,192,193,196,197,199,200,201,202,203,204,205,206,207,208,211,214,215,217,218,219,220,223,224,225,226,228,229,230,233,234,238,239,240,241,242,243,244,256,258,259,260,261,262,264,265,266,267,268,269,270,271,273,275,276,277,278,279,281,283,284,285,286,288,290,291,300,301,304,307,308,309,310,312,313,314,315,316,317,319,321,325,326,328,330,332,335,336,337,339,340,342,344,345,-1
Sres1_high: 128,2,3,4,133,6,7,137,138,11,12,13,142,15,145,146,131,148,171,22,23,27,157,158,31,32,34,36,37,38,39,40,41,42,43,44,45,46,48,53,55,56,58,63,65,66,67,68,69,72,160,76,79,80,164,143,174,94,97,98,101,167,108,110,111,113,114,125,127
Sres2_low: 1,2,3,7,10,11,12,13,14,15,16,17,18,19,20,21,22,23,24,25,26,27,28,29,32,34,35,36,37,38,39,40,41,42,44,46,47,48,49,50,51,52,58,63,64,73,74,76,78,82,83,88,89,90,91,94,96,97,100,103,104,106,107,109,110,112,113,114,115,117,118,119,125,126,127,128,129,131,132,133,135,136,138,145,146,147,149,150,151,152,153,155,158,162,163,164,165,166,167,168,169,170,171,172,173,175,180,182,183,184,185,186,187,188,189,190,191,192,193,196,197,199,200,201,202,203,204,205,206,207,208,211,214,215,217,218,219,220,223,224,225,226,228,229,230,233,234,238,239,240,241,242,243,244,256,258,259,260,261,262,264,265,266,267,268,269,270,271,273,275,276,277,278,279,281,283,284,285,286,288,290,291,300,301,304,307,308,309,310,312,313,314,315,316,317,319,321,325,326,328,330,332,335,336,337,339,340,342,344,345,-1
Sres2_high: 128,2,3,4,133,6,7,137,138,11,12,13,142,15,145,146,131,148,171,22,23,27,157,158,31,32,34,36,37,38,39,40,41,42,43,44,45,46,48,53,55,56,58,63,65,66,67,68,69,72,160,76,79,80,164,143,174,94,97,98,101,167,108,110,111,113,114,125,127

Ires1 (Filtered): 7,10,11,12,13,17,18,19,21,23,24,25,26,27,28,29,37,38,39,40,44,46,48,49,50,52,88,89,96,100,103,104,107,128,147,149,150,152,163,164,165,183,185,204,205,206,208,211,214,215,218,219,224,228,229,233,234,241,242,243,244,264,268,269,270,279,281,283,284,285,286,288,290,291,300,304,307,308,310,312,313,314,315,316,317,319,326,328,332,335,336,339
Ires2 (Filtered): 15,22,23,27,31,32,34,35,37,38,39,40,41,42,43,44,45,46,48,50,54,55,56,58,67,68,69,71,72,73,75,76,77,79,80,92,94,95,109,110,111,123,127,132,133,134,136,137,142,143,145,146,148,149,150,153,157,163,168,171

Passive1 (Filtered): 
Passive2 (Filtered): 

Identifying Passive Residues
Pres1 (Init): 1,2,3,4,5,6,7,8,9,10,11,12,13,14,15,16,17,18,19,20,21,22,23,24,25,26,27,28,29,30,31,32,33,34,35,36,37,38,39,40,41,42,43,44,45,46,47,48,49,50,51,52,53,54,55,56,57,58,61,62,63,64,68,69,78,79,82,83,86,87,88,89,90,91,92,93,94,95,96,97,98,99,100,101,102,103,104,105,106,107,108,109,110,113,115,116,119,124,125,126,127,128,129,130,131,133,135,138,139,144,145,146,147,148,149,150,151,152,153,154,159,160,161,162,163,164,165,166,167,168,177,178,179,180,181,182,183,184,185,186,187,188,193,195,196,197,198,199,202,203,204,205,206,207,208,209,210,211,212,213,214,215,216,217,218,219,220,221,222,223,224,225,226,227,228,229,230,231,232,233,234,235,236,237,238,239,240,241,242,243,244,245,246,247,248,249,252,255,256,257,261,262,263,264,265,266,267,268,269,270,271,272,273,276,277,278,279,280,281,282,283,284,285,286,287,288,289,290,291,292,293,296,297,298,299,300,301,302,303,304,305,306,307,308,309,310,311,312,313,314,315,316,317,318,319,320,321,322,324,325,326,327,328,329,330,331,332,333,334,335,336,337,338,339,340,341,342,343,344,345,-1
Pres1 (Filtered): 1,2,3,14,15,16,20,22,32,34,35,36,41,42,47,51,58,63,64,78,82,83,90,91,94,97,106,109,110,113,115,119,125,126,127,129,131,133,135,138,145,146,151,153,162,166,167,168,180,182,184,186,187,188,193,196,197,199,202,203,207,217,220,223,225,226,230,238,239,240,256,261,262,265,266,267,271,273,276,277,278,301,309,321,325,330,337,340,342,344,345,-1
Pres2 (Filtered): 2,4,5,6,8,9,10,11,12,13,14,15,16,17,18,20,21,22,23,24,25,26,27,28,29,30,31,32,33,34,35,36,37,38,39,40,41,42,43,44,45,46,47,48,49,50,51,52,53,54,55,56,57,58,59,60,61,62,63,64,65,66,67,68,69,70,71,72,73,74,75,76,77,78,79,80,81,82,83,84,88,89,90,91,92,93,94,95,96,97,98,99,100,102,104,105,106,107,108,109,110,111,112,113,114,115,116,117,118,119,120,121,122,123,124,125,126,127,128,129,130,131,132,133,134,135,136,137,138,139,140,141,142,143,144,145,146,147,148,149,150,151,152,153,154,155,156,157,158,159,160,161,162,163,164,165,166,167,168,169,170,171,172,173
Pres2 (Filtered): 2,4,6,10,11,12,13,28,36,51,53,59,63,65,66,89,91,93,97,98,100,104,105,108,113,114,124,125,126,128,131,138,144,158,159,160,164,166,167,172,173

Generating restraint files

Initializing Haddock

0
Running Haddock Docking

0
Finished00:00:14.7592
