Ires1 (Init): 6,9,14,23,24,25,26,46,51,96,97,100,101,105,107,108,119,121,123,137,138,139,141,142,143,145,154,166,168,169,170,184,186,189,191,213,214,215,217,218,222,223,232,235,236,255,256,258,274,275,277,278,279,280,282,283,285,286,287,288,294,297
Ires2 (Init): 22,24,27,28,34,37,45,49,50,63,66,70,71,78,81,82,83,85,86,87,89,90,93,94,96,98,99,100,105,106,109,144,145,146,147,162,166,167,169,170,186,189,190,191,193,202,203,204,206,207,208,209,213,217,218,219,221,222,230,231,236,240,243,251,269,271,272,280,307,326,327,328,330,331,333,335,336,337,339,340,341,342,343,347,348,349,350,354,356,357,358,361,362,365,366,369,370,372,373,375,376,377,380

Passive1 (ECLAIR Medium): 
Passive2 (ECLAIR Medium): 

Calculating Surface Residues
Sres1_low: 1,2,3,4,5,6,7,8,9,10,11,12,14,15,19,21,23,24,25,26,33,34,35,41,45,46,47,48,49,50,51,52,53,55,56,59,60,61,62,63,64,65,67,69,70,71,72,73,74,76,78,79,80,81,82,83,84,88,90,92,93,94,96,97,98,100,101,102,103,104,105,107,108,110,118,119,120,121,122,123,124,125,126,132,134,137,138,139,141,142,143,145,151,153,154,155,156,166,168,169,170,171,178,180,183,184,186,188,189,190,191,193,194,195,196,197,198,199,213,214,215,216,217,218,220,221,222,223,224,226,227,228,229,232,233,235,236,237,238,240,241,243,244,245,246,247,248,249,251,252,254,255,256,257,258,260,262,263,269,270,272,273,274,275,277,278,279,280,282,283,285,286,287,288,294,297,298,299,301
Sres1_high: 9,18,19,22,24,27,28,49,50,51,53,54,56,58,59,61,63,67,71,72,75,78,81,82,83,86,87,89,90,93,94,98,99,100,105,109,127,128,129,145,146,147,166,167,169,186,190,203,204,208,209,213,218,219,221,236,240,243,251,254,256,269,271,280,284,287,291,293,322,324,326,328,331,333,336,339,340,341,347,348,349,350,352,354,356,357,358,361,362,365,369,372,375,376
Sres2_low: 1,2,3,4,5,6,7,8,9,10,11,12,14,15,19,21,23,24,25,26,33,34,35,41,45,46,47,48,49,50,51,52,53,55,56,59,60,61,62,63,64,65,67,69,70,71,72,73,74,76,78,79,80,81,82,83,84,88,90,92,93,94,96,97,98,100,101,102,103,104,105,107,108,110,118,119,120,121,122,123,124,125,126,132,134,137,138,139,141,142,143,145,151,153,154,155,156,166,168,169,170,171,178,180,183,184,186,188,189,190,191,193,194,195,196,197,198,199,213,214,215,216,217,218,220,221,222,223,224,226,227,228,229,232,233,235,236,237,238,240,241,243,244,245,246,247,248,249,251,252,254,255,256,257,258,260,262,263,269,270,272,273,274,275,277,278,279,280,282,283,285,286,287,288,294,297,298,299,301
Sres2_high: 9,18,19,22,24,27,28,49,50,51,53,54,56,58,59,61,63,67,71,72,75,78,81,82,83,86,87,89,90,93,94,98,99,100,105,109,127,128,129,145,146,147,166,167,169,186,190,203,204,208,209,213,218,219,221,236,240,243,251,254,256,269,271,280,284,287,291,293,322,324,326,328,331,333,336,339,340,341,347,348,349,350,352,354,356,357,358,361,362,365,369,372,375,376

Ires1 (Filtered): 6,9,14,23,24,25,26,46,51,96,97,100,101,105,107,108,119,121,123,137,138,139,141,142,143,145,154,166,168,169,170,184,186,189,191,213,214,215,217,218,222,223,232,235,236,255,256,258,274,275,277,278,279,280,282,283,285,286,287,288,294,297
Ires2 (Filtered): 22,24,27,28,34,37,45,49,50,63,66,70,71,78,81,82,83,85,86,87,89,90,93,94,96,98,99,100,105,106,109,145,146,147,162,166,167,169,170,186,189,190,191,193,202,203,204,206,207,208,209,213,217,218,219,221,222,230,231,236,240,243,251,269,271,272,280,307,326,327,328,330,331,333,335,336,337,339,340,341,342,343,347,348,349,350,354,356,357,358,361,362,365,366,369,370,372,373,375,376

Passive1 (Filtered): 
Passive2 (Filtered): 

Identifying Passive Residues
Pres1 (Init): 1,2,3,4,5,6,7,8,9,10,11,12,13,14,15,16,17,18,19,20,21,22,23,24,25,26,27,28,29,31,32,33,37,39,41,42,43,44,45,46,47,48,49,50,51,52,53,57,61,65,93,94,95,96,97,98,99,100,101,102,103,104,105,106,107,108,109,110,111,113,114,115,116,117,118,119,120,121,122,123,124,125,126,127,128,129,130,131,132,133,134,135,136,137,138,139,140,141,142,143,144,145,146,147,150,152,153,154,155,156,157,158,159,160,162,163,164,165,166,167,168,169,170,171,172,173,175,176,180,181,182,183,184,185,186,187,188,189,190,191,192,193,194,195,197,199,200,203,204,205,206,207,208,209,210,211,212,213,214,215,216,217,218,219,220,221,222,223,224,225,227,228,229,230,231,232,233,234,235,236,237,238,239,240,241,249,250,251,252,253,254,255,256,257,258,259,260,262,263,264,266,267,268,269,270,271,272,273,274,275,276,277,278,279,280,281,282,283,284,285,286,287,288,289,290,291,292,293,294,295,296,297,298,299,300,301
Pres1 (Filtered): 1,2,3,4,5,7,8,10,11,12,15,19,21,33,41,45,47,48,49,50,52,53,61,65,93,94,98,102,103,104,110,118,120,122,124,125,126,132,134,153,155,156,171,180,183,188,190,193,194,195,197,199,216,220,221,224,227,228,229,233,237,238,240,241,249,251,252,254,257,260,262,263,269,270,272,273,298,299,301
Pres2 (Filtered): 16,18,19,20,21,22,23,24,25,26,27,28,29,30,31,32,33,34,35,36,37,38,39,40,41,42,43,44,45,46,47,48,49,50,51,52,53,54,59,61,62,63,64,65,66,67,68,69,70,71,72,73,74,75,76,77,78,79,80,81,82,83,84,85,86,87,88,89,90,91,92,93,94,95,96,97,98,99,100,101,102,103,104,105,106,107,108,109,110,111,112,113,114,126,127,142,143,144,145,146,147,148,149,150,151,152,153,157,158,159,160,161,162,163,164,165,166,167,168,169,170,171,172,178,179,180,181,182,183,184,185,186,187,188,189,190,191,192,193,194,195,196,200,201,202,203,204,205,206,207,208,209,210,211,212,213,214,215,216,217,218,219,220,221,222,223,224,225,226,227,228,229,230,231,232,233,234,235,236,237,238,239,240,241,242,243,244,245,246,247,248,249,250,251,252,253,254,255,256,257,265,267,268,269,270,271,272,273,274,275,276,277,278,279,280,281,282,283,284,285,287,288,292,304,305,306,307,308,309,310,311,312,315,321,324,325,326,327,328,329,330,331,332,333,334,335,336,337,338,339,340,341,342,343,344,345,346,347,348,349,350,351,352,353,354,355,356,357,358,359,360,361,362,363,364,365,366,367,368,369,370,371,372,373,374,375,376
Pres2 (Filtered): 18,19,26,30,32,40,41,44,46,47,51,53,54,59,61,64,67,72,75,79,88,91,92,103,112,127,150,151,165,187,192,205,211,212,214,216,234,235,239,244,247,252,254,256,273,274,284,287,292,306,324,345,346,351,352,353,359,360,364,368,374

Generating restraint files

Initializing Haddock

0
Running Haddock Docking

0
Finished00:00:14.9042
