Ires1 (Init): 7,8,9,11,12,15,16,18,19,20,21,23,24,25,26,27,29,30,31,33,34,36,37,40,41,46,47,49,50,53,57,60
Ires2 (Init): 66,68,69,70,71,73,85,86,88,90,150,151,154,155,157,159,160,166,193,195,202,222,223,224,227,228,234,251,253,254

Passive1 (ECLAIR Medium): 
Passive2 (ECLAIR Medium): 

Calculating Surface Residues
Sres1_low: 2,3,4,5,7,8,9,11,12,15,16,18,19,20,21,23,24,25,26,27,28,29,30,31,33,34,36,37,38,40,41,43,44,45,46,47,49,50,51,52,53,54,56,57,58,59,60,61,62,63,64
Sres1_high: 131,132,133,193,265,141,143,144,147,157,159,160,166,170,171,174,48,49,178,179,53,183,181,65,66,195,68,69,70,73,77,206,-51,81,84,85,86,90,95,224,263,98,227,228,102,231,105,106,235,108,237,110,253,240,243,245,247,212,251,252,234,254,213
Sres2_low: 2,3,4,5,7,8,9,11,12,15,16,18,19,20,21,23,24,25,26,27,28,29,30,31,33,34,36,37,38,40,41,43,44,45,46,47,49,50,51,52,53,54,56,57,58,59,60,61,62,63,64
Sres2_high: 131,132,133,193,265,141,143,144,147,157,159,160,166,170,171,174,48,49,178,179,53,183,181,65,66,195,68,69,70,73,77,206,-51,81,84,85,86,90,95,224,263,98,227,228,102,231,105,106,235,108,237,110,253,240,243,245,247,212,251,252,234,254,213

Ires1 (Filtered): 7,8,9,11,12,15,16,18,19,20,21,23,24,25,26,27,29,30,31,33,34,36,37,40,41,46,47,49,50,53,57,60
Ires2 (Filtered): 66,68,69,70,71,73,85,86,88,90,150,151,154,155,157,159,160,166,193,195,202,222,223,224,227,228,234,251,253,254

Passive1 (Filtered): 
Passive2 (Filtered): 

Identifying Passive Residues
Pres1 (Init): 2,3,4,5,6,7,8,9,10,11,12,13,14,15,16,17,18,19,20,21,22,23,24,25,26,27,28,29,30,31,32,33,34,35,36,37,38,39,40,41,42,43,44,45,46,47,48,49,50,51,52,53,54,55,56,57,58,59,60,61,62,63,64
Pres1 (Filtered): 2,3,4,5,28,38,43,44,45,51,52,54,56,58,59,61,62,63,64
Pres2 (Filtered): 48,49,50,55,56,59,60,61,62,63,64,65,66,67,68,69,70,71,72,73,74,75,76,77,78,80,81,82,83,84,85,86,87,88,89,90,91,92,94,95,96,118,119,124,125,128,134,135,138,139,140,141,142,143,145,146,147,148,149,150,151,152,153,154,155,156,157,158,159,160,161,162,163,164,165,166,167,168,172,180,191,192,193,194,195,196,197,198,199,200,201,202,203,204,205,206,207,219,220,221,222,223,224,225,226,227,228,229,230,231,232,233,234,235,236,237,239,241,243,244,245,246,247,248,249,250,251,252,253,254,255,256,257,258
Pres2 (Filtered): 48,49,50,55,56,62,64,65,74,77,81,84,87,94,95,128,135,141,142,143,147,161,163,164,167,168,180,191,194,196,198,199,205,206,207,225,231,232,235,236,237,241,243,244,245,247,252

Generating restraint files

Initializing Haddock

0
Running Haddock Docking

0
Finished00:00:14.4493
