Ires1 (Init): 49,50,59,61,68,69,70,74,76,77,89,91,92,93,95,96,97,98,99,100,101,102,103,104,105,107,109,117,119,120,122,123,124,125,126,127,128,129,134,136,137,140,141,142,145,149,150,152,153,154,155,156,157,158,160,162,163,164,165,166,168,169,172,174,175,177,191,256,257,258,259,260,261,262,263,266,271,272,274,275,276,279,280,281,282,283,284,285,286,289,293,299,300,301,302,303,305,306,307,308,309,310,311,312,313,314,315,316,317,319,320,321,322,323,324,325,326,327,328,329,330,331,332,333,334,335,336,337,338,339,340,341,342,343,344,345,346,347,348,350,351,354,355,357,358
Ires2 (Init): 22,28,29,36,37,38,39,41,42,43,44,45,48,50,51,60,61,62,63,64,65,72,73,74,75,76,78,87,90,91,105,106,107,108,127,128,132,147,179,187,190,192,195,196,197,206,229,230,231,235,237,238,239,240,241,245,248,253,256,263,265,267,268,269,272,273,275,276,277,278,279,281,284,287,288,289,291,292,296,300,321,323,326

Passive1 (ECLAIR Medium): 
Passive2 (ECLAIR Medium): 

Calculating Surface Residues
Sres1_low: 251,252,253,255,256,257,258,259,260,261,263,265,266,267,271,272,274,275,276,279,280,281,282,283,284,285,286,289,290,293,294,296,297,299,300,301,302,303,305,306,307,308,309,310,311,312,313,314,315,316,317,319,320,321,322,323,324,325,326,327,328,329,330,331,332,333,334,335,336,337,338,339,340,341,342,343,344,345,346,347,348,350,351,353,354,355,357,358,361,362,363,364
Sres1_high: 1,2,3,4,5,6,9,11,12,15,18,19,21,22,23,28,29,31,33,36,38,41,43,45,46,48,49,50,60,61,62,63,64,65,72,73,74,75,76,77,87,91,93,99,105,106,107,108,118,120,123,124,127,128,130,132,161,168,169,170,186,187,188,190,192,206,231,235,237,238,239,248,253,254,256,257,260,261,263,265,267,268,269,271,272,276,278,281,283,284,287,288,289,291,292,296,297,300,304,311,312,317,318,321,323,326,327,329,331,332,333,334
Sres2_low: 251,252,253,255,256,257,258,259,260,261,263,265,266,267,271,272,274,275,276,279,280,281,282,283,284,285,286,289,290,293,294,296,297,299,300,301,302,303,305,306,307,308,309,310,311,312,313,314,315,316,317,319,320,321,322,323,324,325,326,327,328,329,330,331,332,333,334,335,336,337,338,339,340,341,342,343,344,345,346,347,348,350,351,353,354,355,357,358,361,362,363,364
Sres2_high: 1,2,3,4,5,6,9,11,12,15,18,19,21,22,23,28,29,31,33,36,38,41,43,45,46,48,49,50,60,61,62,63,64,65,72,73,74,75,76,77,87,91,93,99,105,106,107,108,118,120,123,124,127,128,130,132,161,168,169,170,186,187,188,190,192,206,231,235,237,238,239,248,253,254,256,257,260,261,263,265,267,268,269,271,272,276,278,281,283,284,287,288,289,291,292,296,297,300,304,311,312,317,318,321,323,326,327,329,331,332,333,334

Ires1 (Filtered): 256,257,258,259,260,261,263,266,271,272,274,275,276,279,280,281,282,283,284,285,286,289,293,299,300,301,302,303,305,306,307,308,309,310,311,312,313,314,315,316,317,319,320,321,322,323,324,325,326,327,328,329,330,331,332,333,334,335,336,337,338,339,340,341,342,343,344,345,346,347,348,350,351,354,355,357,358
Ires2 (Filtered): 22,28,29,36,37,38,39,41,42,43,44,45,48,50,51,60,61,62,63,64,65,72,73,74,75,76,87,90,91,105,106,107,108,127,128,132,147,179,187,190,192,195,196,197,206,229,230,231,235,237,238,239,240,241,245,248,253,256,263,265,267,268,269,272,273,275,276,277,278,279,281,284,287,288,289,291,292,296,300,321,323,326

Passive1 (Filtered): 
Passive2 (Filtered): 

Identifying Passive Residues
Pres1 (Init): 251,252,253,254,255,256,257,258,259,260,261,262,263,264,265,266,267,268,269,270,271,272,273,274,275,276,277,278,279,280,281,282,283,284,285,286,287,288,289,290,291,292,293,294,295,296,297,298,299,300,301,302,303,304,305,306,307,308,309,310,311,312,313,314,315,316,317,318,319,320,321,322,323,324,325,326,327,328,329,330,331,332,333,334,335,336,337,338,339,340,341,342,343,344,345,346,347,348,349,350,351,352,353,354,355,356,357,358,359,360,361,362,363,364
Pres1 (Filtered): 251,252,253,255,265,267,290,294,296,297,353,361,362,363,364
Pres2 (Filtered): 3,4,5,6,20,21,22,23,24,25,26,27,28,29,30,31,32,34,35,36,37,38,39,40,41,42,43,44,45,46,47,48,49,50,51,52,53,54,55,56,57,58,59,60,61,62,63,64,65,66,67,68,69,70,71,72,73,74,75,76,77,78,79,80,81,82,83,84,85,86,87,88,89,90,91,92,93,95,96,97,98,99,100,101,102,103,104,105,106,107,108,109,110,114,115,116,122,123,124,125,126,127,128,129,130,131,132,133,134,135,136,137,139,142,143,144,145,146,147,148,149,150,151,152,154,155,156,157,158,159,160,167,176,177,178,179,180,181,182,183,184,185,186,187,188,189,190,191,192,193,194,195,196,197,198,199,200,201,202,203,204,205,206,207,208,209,210,217,221,222,224,225,226,227,228,229,230,231,232,233,234,235,236,237,238,239,240,241,242,243,244,245,246,247,248,249,250,251,252,253,254,255,256,257,258,259,260,261,262,263,264,265,266,267,268,269,270,271,272,273,274,275,276,277,278,279,280,281,282,283,284,285,286,287,288,289,290,291,292,293,294,295,296,297,298,299,300,301,302,303,304,305,308,316,317,318,319,320,321,322,323,324,325,326,327,328,329,330
Pres2 (Filtered): 3,4,5,6,20,21,23,24,25,26,31,34,35,40,46,47,49,52,53,54,55,56,70,77,80,88,93,97,99,100,103,109,115,116,123,124,126,130,131,136,143,146,150,151,159,167,176,181,184,185,186,188,194,204,205,208,254,257,260,261,264,266,271,280,283,285,286,295,297,303,304,317,318,320,327,329,330

Generating restraint files

Initializing Haddock

0
Running Haddock Docking

0
Finished00:00:14.8286
