Ires1 (Init): 13,25,44,45,46,47,48,49,50,51,52,53,54,56,57,58,59,60,61,63,64,65,67,68,69,70,71
Ires2 (Init): 57,60,61,64,66,76,77,80,81,90,91,93,94,95,97,98,99,101,102,105,108,109,113,123,125,141,142,145,146,147,148,149,151,153,171,172,173,177,188,189,190,191,201,202,205,206,207,208,209,210,211,212,213,214,215,216,217,223,224,225,226,227,228,229,230,231,232,233,250,251,254,255,256,257,258,259,260,262,263,264,266,267,269,270,271,272,274,275,277,278,279,281,282,285,286,289,290,291,293,294,297,299,300,303,305,309,310,311,312,313,314,315,317,318,320,322,323,324,325,329,330,333,334,336,337,338,339,342,557,656,659,660,661,662,663,664,665,666,667,669,670,671,673,674,677,680,681,684,685,686,687,689,690,691,692,693,694,695,696,701,703,704,705,706,707,708,709,710,712,719,721,722,723,724,725,729,731,732,733,734,735,736,737,738,741,742,745,746,748

Passive1 (ECLAIR Medium): 
Passive2 (ECLAIR Medium): 

Calculating Surface Residues
Sres1_low: 39,40,41,42,43,44,45,46,47,48,49,50,51,52,53,54,55,56,57,58,59,60,61,63,64,65,67,68,69,70,71,72,73,74,75,76
Sres1_high: 48,49,50,51,54,60,61,62,64,66,69,79,81,90,91,93,94,95,98,99,105,108,109,113,123,124,125,136,137,138,139,142,145,146,147,148,151,153,154,157,171,172,182,188,189,202,208,209,210,212,213,225,226,227,230,233,250,254,255,256,257,258,259,263,267,271,274,278,282,285,293,294,297,299,300,303,305,310,312,313,314,315,320,321,322,323,324,325,327,329,333,334,337,339,341,342,343,344,347,350,351,356,365,366,-47,-46,-44,-43
Sres2_low: 39,40,41,42,43,44,45,46,47,48,49,50,51,52,53,54,55,56,57,58,59,60,61,63,64,65,67,68,69,70,71,72,73,74,75,76
Sres2_high: 48,49,50,51,54,60,61,62,64,66,69,79,81,90,91,93,94,95,98,99,105,108,109,113,123,124,125,136,137,138,139,142,145,146,147,148,151,153,154,157,171,172,182,188,189,202,208,209,210,212,213,225,226,227,230,233,250,254,255,256,257,258,259,263,267,271,274,278,282,285,293,294,297,299,300,303,305,310,312,313,314,315,320,321,322,323,324,325,327,329,333,334,337,339,341,342,343,344,347,350,351,356,365,366,-47,-46,-44,-43

Ires1 (Filtered): 44,45,46,47,48,49,50,51,52,53,54,56,57,58,59,60,61,63,64,65,67,68,69,70,71
Ires2 (Filtered): 60,61,64,66,76,77,80,81,90,91,93,94,95,97,98,99,101,102,105,108,109,113,123,125,141,142,145,146,147,148,149,151,153,171,172,173,188,189,190,191,201,202,208,209,210,211,212,213,214,215,216,217,223,224,225,226,227,228,229,230,231,232,233,250,251,254,255,256,257,258,259,260,262,263,264,266,267,269,270,271,272,274,275,277,278,279,281,282,285,286,289,290,291,293,294,297,299,300,303,305,309,310,311,312,313,314,315,317,318,320,322,323,324,325,329,330,333,334,336,337,338,339,342

Passive1 (Filtered): 
Passive2 (Filtered): 

Identifying Passive Residues
Pres1 (Init): 39,40,41,42,43,44,45,46,47,48,49,50,51,52,53,54,55,56,57,58,59,60,61,62,63,64,65,66,67,68,69,70,71,72,73,75,76
Pres1 (Filtered): 39,40,41,42,43,55,72,73,75,76
Pres2 (Filtered): 50,52,54,55,56,57,58,59,60,61,62,63,64,65,66,67,68,69,70,71,72,73,74,75,76,77,78,79,80,81,82,83,87,88,89,90,91,92,93,94,95,96,97,98,99,100,101,102,103,104,105,106,107,108,109,110,111,112,113,114,115,118,119,121,122,123,124,125,126,127,128,129,132,133,134,135,136,137,138,139,140,141,142,143,144,145,146,147,148,149,150,151,152,153,154,155,156,157,158,160,161,164,166,167,168,169,170,171,172,173,174,175,177,178,179,180,181,182,184,185,186,187,188,189,190,191,192,193,199,200,201,202,203,204,208,209,210,211,212,213,214,215,216,217,218,219,220,221,222,223,224,225,226,227,228,229,230,231,232,233,234,235,236,237,238,241,244,245,246,247,248,249,250,251,252,253,254,255,256,257,258,259,260,261,262,263,264,265,266,267,268,269,270,271,272,273,274,275,276,277,278,279,280,281,282,283,284,285,286,287,288,289,290,291,292,293,294,295,296,297,298,299,300,301,302,303,304,305,306,307,308,309,310,311,312,313,314,315,316,317,318,319,320,321,322,323,324,325,326,327,328,329,330,331,332,333,334,335,336,337,338,339,340,341,342,343,344,345,346,347,349,352,354,356,360,361,362,363,364,365,366,367,-45
Pres2 (Filtered): 50,52,54,55,59,62,63,65,69,70,71,74,78,79,88,89,92,96,106,111,121,122,124,126,127,134,135,136,137,138,139,143,152,154,157,158,161,164,170,175,178,181,182,200,204,219,248,249,268,292,319,321,326,327,328,341,343,344,346,347,352,356,362,364,365,366,367,-45

Generating restraint files

Initializing Haddock

0
Running Haddock Docking

0
Finished00:00:14.6025
